Connecting to database specified by database.yml
Connecting to database specified by database.yml
Connecting to database specified by database.yml
Connecting to database specified by database.yml
Connecting to database specified by database.yml
  [1m[36m (0.7ms)[0m  [1mselect sqlite_version(*)[0m
  [1m[35m (2.7ms)[0m  CREATE TABLE "schema_migrations" ("version" varchar(255) NOT NULL) 
  [1m[36m (2.2ms)[0m  [1mCREATE UNIQUE INDEX "unique_schema_migrations" ON "schema_migrations" ("version")[0m
  [1m[35m (1.8ms)[0m  SELECT "schema_migrations"."version" FROM "schema_migrations" 
Migrating to CreatePosts (20131210031944)
  [1m[36m (0.0ms)[0m  [1mbegin transaction[0m
  [1m[35m (0.9ms)[0m  CREATE TABLE "posts" ("id" INTEGER PRIMARY KEY AUTOINCREMENT NOT NULL, "name" varchar(255), "content" text, "date_created" datetime, "date_updated" datetime, "deleted_at" datetime, "created_at" datetime NOT NULL, "updated_at" datetime NOT NULL) 
  [1m[36m (0.1ms)[0m  [1mINSERT INTO "schema_migrations" ("version") VALUES ('20131210031944')[0m
  [1m[35m (25.5ms)[0m  commit transaction
Migrating to CreateCategories (20131210032033)
  [1m[36m (0.1ms)[0m  [1mbegin transaction[0m
  [1m[35m (0.6ms)[0m  CREATE TABLE "categories" ("id" INTEGER PRIMARY KEY AUTOINCREMENT NOT NULL, "post_id" integer, "page_id" integer, "name" varchar(255), "date_created" datetime, "date_updated" datetime, "deleted_at" datetime, "created_at" datetime NOT NULL, "updated_at" datetime NOT NULL) 
  [1m[36m (0.1ms)[0m  [1mINSERT INTO "schema_migrations" ("version") VALUES ('20131210032033')[0m
  [1m[35m (1.8ms)[0m  commit transaction
Migrating to CreateTags (20131210032122)
  [1m[36m (0.1ms)[0m  [1mbegin transaction[0m
  [1m[35m (0.7ms)[0m  CREATE TABLE "tags" ("id" INTEGER PRIMARY KEY AUTOINCREMENT NOT NULL, "post_id" integer, "page_id" integer, "name" varchar(255), "date_created" datetime, "date_updated" datetime, "deleted_at" datetime, "created_at" datetime NOT NULL, "updated_at" datetime NOT NULL) 
  [1m[36m (0.2ms)[0m  [1mINSERT INTO "schema_migrations" ("version") VALUES ('20131210032122')[0m
  [1m[35m (19.1ms)[0m  commit transaction
Migrating to CreatePages (20131210032219)
  [1m[36m (0.1ms)[0m  [1mbegin transaction[0m
  [1m[35m (0.6ms)[0m  CREATE TABLE "pages" ("id" INTEGER PRIMARY KEY AUTOINCREMENT NOT NULL, "heading" varchar(255), "content" text, "date_created" datetime, "date_updated" datetime, "deleted_at" datetime, "created_at" datetime NOT NULL, "updated_at" datetime NOT NULL) 
  [1m[36m (0.2ms)[0m  [1mINSERT INTO "schema_migrations" ("version") VALUES ('20131210032219')[0m
  [1m[35m (2.0ms)[0m  commit transaction
  [1m[36m (0.1ms)[0m  [1mSELECT "schema_migrations"."version" FROM "schema_migrations" [0m


Started GET "/assets/rails.png" for 127.0.0.1 at 2013-12-09 22:26:23 -0500
Connecting to database specified by database.yml
Served asset /rails.png - 200 OK (16ms)


Started GET "/" for 127.0.0.1 at 2013-12-09 22:27:00 -0500

ActionController::RoutingError (No route matches [GET] "/"):
  actionpack (3.2.15) lib/action_dispatch/middleware/debug_exceptions.rb:21:in `call'
  actionpack (3.2.15) lib/action_dispatch/middleware/show_exceptions.rb:56:in `call'
  railties (3.2.15) lib/rails/rack/logger.rb:32:in `call_app'
  railties (3.2.15) lib/rails/rack/logger.rb:16:in `block in call'
  activesupport (3.2.15) lib/active_support/tagged_logging.rb:22:in `tagged'
  railties (3.2.15) lib/rails/rack/logger.rb:16:in `call'
  actionpack (3.2.15) lib/action_dispatch/middleware/request_id.rb:22:in `call'
  rack (1.4.5) lib/rack/methodoverride.rb:21:in `call'
  rack (1.4.5) lib/rack/runtime.rb:17:in `call'
  activesupport (3.2.15) lib/active_support/cache/strategy/local_cache.rb:72:in `call'
  rack (1.4.5) lib/rack/lock.rb:15:in `call'
  actionpack (3.2.15) lib/action_dispatch/middleware/static.rb:63:in `call'
  railties (3.2.15) lib/rails/engine.rb:484:in `call'
  railties (3.2.15) lib/rails/application.rb:231:in `call'
  rack (1.4.5) lib/rack/content_length.rb:14:in `call'
  railties (3.2.15) lib/rails/rack/log_tailer.rb:17:in `call'
  rack (1.4.5) lib/rack/handler/webrick.rb:59:in `service'
  /usr/local/rvm/rubies/ruby-1.9.3-p392/lib/ruby/1.9.1/webrick/httpserver.rb:138:in `service'
  /usr/local/rvm/rubies/ruby-1.9.3-p392/lib/ruby/1.9.1/webrick/httpserver.rb:94:in `run'
  /usr/local/rvm/rubies/ruby-1.9.3-p392/lib/ruby/1.9.1/webrick/server.rb:191:in `block in start_thread'


  Rendered /usr/local/rvm/gems/ruby-1.9.3-p392/gems/actionpack-3.2.15/lib/action_dispatch/middleware/templates/rescues/routing_error.erb within rescues/layout (4.1ms)


Started GET "/" for 127.0.0.1 at 2013-12-09 22:43:45 -0500
Connecting to database specified by database.yml

ActionController::RoutingError (uninitialized constant PageController):
  activesupport (3.2.15) lib/active_support/inflector/methods.rb:230:in `block in constantize'
  activesupport (3.2.15) lib/active_support/inflector/methods.rb:229:in `each'
  activesupport (3.2.15) lib/active_support/inflector/methods.rb:229:in `constantize'
  actionpack (3.2.15) lib/action_dispatch/routing/route_set.rb:69:in `controller_reference'
  actionpack (3.2.15) lib/action_dispatch/routing/route_set.rb:54:in `controller'
  actionpack (3.2.15) lib/action_dispatch/routing/route_set.rb:32:in `call'
  journey (1.0.4) lib/journey/router.rb:68:in `block in call'
  journey (1.0.4) lib/journey/router.rb:56:in `each'
  journey (1.0.4) lib/journey/router.rb:56:in `call'
  actionpack (3.2.15) lib/action_dispatch/routing/route_set.rb:608:in `call'
  actionpack (3.2.15) lib/action_dispatch/middleware/best_standards_support.rb:17:in `call'
  rack (1.4.5) lib/rack/etag.rb:23:in `call'
  rack (1.4.5) lib/rack/conditionalget.rb:25:in `call'
  actionpack (3.2.15) lib/action_dispatch/middleware/head.rb:14:in `call'
  actionpack (3.2.15) lib/action_dispatch/middleware/params_parser.rb:21:in `call'
  actionpack (3.2.15) lib/action_dispatch/middleware/flash.rb:242:in `call'
  rack (1.4.5) lib/rack/session/abstract/id.rb:210:in `context'
  rack (1.4.5) lib/rack/session/abstract/id.rb:205:in `call'
  actionpack (3.2.15) lib/action_dispatch/middleware/cookies.rb:341:in `call'
  activerecord (3.2.15) lib/active_record/query_cache.rb:64:in `call'
  activerecord (3.2.15) lib/active_record/connection_adapters/abstract/connection_pool.rb:479:in `call'
  actionpack (3.2.15) lib/action_dispatch/middleware/callbacks.rb:28:in `block in call'
  activesupport (3.2.15) lib/active_support/callbacks.rb:405:in `_run__1206694749027139749__call__208062606631037004__callbacks'
  activesupport (3.2.15) lib/active_support/callbacks.rb:405:in `__run_callback'
  activesupport (3.2.15) lib/active_support/callbacks.rb:385:in `_run_call_callbacks'
  activesupport (3.2.15) lib/active_support/callbacks.rb:81:in `run_callbacks'
  actionpack (3.2.15) lib/action_dispatch/middleware/callbacks.rb:27:in `call'
  actionpack (3.2.15) lib/action_dispatch/middleware/reloader.rb:65:in `call'
  actionpack (3.2.15) lib/action_dispatch/middleware/remote_ip.rb:31:in `call'
  actionpack (3.2.15) lib/action_dispatch/middleware/debug_exceptions.rb:16:in `call'
  actionpack (3.2.15) lib/action_dispatch/middleware/show_exceptions.rb:56:in `call'
  railties (3.2.15) lib/rails/rack/logger.rb:32:in `call_app'
  railties (3.2.15) lib/rails/rack/logger.rb:16:in `block in call'
  activesupport (3.2.15) lib/active_support/tagged_logging.rb:22:in `tagged'
  railties (3.2.15) lib/rails/rack/logger.rb:16:in `call'
  actionpack (3.2.15) lib/action_dispatch/middleware/request_id.rb:22:in `call'
  rack (1.4.5) lib/rack/methodoverride.rb:21:in `call'
  rack (1.4.5) lib/rack/runtime.rb:17:in `call'
  activesupport (3.2.15) lib/active_support/cache/strategy/local_cache.rb:72:in `call'
  rack (1.4.5) lib/rack/lock.rb:15:in `call'
  actionpack (3.2.15) lib/action_dispatch/middleware/static.rb:63:in `call'
  railties (3.2.15) lib/rails/engine.rb:484:in `call'
  railties (3.2.15) lib/rails/application.rb:231:in `call'
  rack (1.4.5) lib/rack/content_length.rb:14:in `call'
  railties (3.2.15) lib/rails/rack/log_tailer.rb:17:in `call'
  rack (1.4.5) lib/rack/handler/webrick.rb:59:in `service'
  /usr/local/rvm/rubies/ruby-1.9.3-p392/lib/ruby/1.9.1/webrick/httpserver.rb:138:in `service'
  /usr/local/rvm/rubies/ruby-1.9.3-p392/lib/ruby/1.9.1/webrick/httpserver.rb:94:in `run'
  /usr/local/rvm/rubies/ruby-1.9.3-p392/lib/ruby/1.9.1/webrick/server.rb:191:in `block in start_thread'


  Rendered /usr/local/rvm/gems/ruby-1.9.3-p392/gems/actionpack-3.2.15/lib/action_dispatch/middleware/templates/rescues/routing_error.erb within rescues/layout (3.8ms)


Started GET "/" for 127.0.0.1 at 2013-12-09 22:44:00 -0500
Connecting to database specified by database.yml
Processing by PagesController#index as HTML
  [1m[36mPage Load (0.1ms)[0m  [1mSELECT "pages".* FROM "pages" [0m
  Rendered pages/index.html.erb within layouts/application (4.2ms)
Compiled foundation_and_overrides.css  (5026ms)  (pid 6533)
Compiled categories.css  (3ms)  (pid 6533)
Compiled pages.css  (2ms)  (pid 6533)
Compiled posts.css  (2ms)  (pid 6533)
Compiled scaffolds.css  (19ms)  (pid 6533)
Compiled tags.css  (4ms)  (pid 6533)
Compiled application.css  (5210ms)  (pid 6533)
Compiled vendor/modernizr.js  (0ms)  (pid 6533)
Compiled jquery.js  (3ms)  (pid 6533)
Compiled jquery_ujs.js  (0ms)  (pid 6533)
Compiled foundation/foundation.js  (0ms)  (pid 6533)
Compiled foundation/foundation.abide.js  (0ms)  (pid 6533)
Compiled foundation/foundation.accordion.js  (0ms)  (pid 6533)
Compiled foundation/foundation.alert.js  (0ms)  (pid 6533)
Compiled foundation/foundation.clearing.js  (0ms)  (pid 6533)
Compiled foundation/foundation.dropdown.js  (0ms)  (pid 6533)
Compiled foundation/foundation.interchange.js  (0ms)  (pid 6533)
Compiled foundation/foundation.joyride.js  (0ms)  (pid 6533)
Compiled foundation/foundation.magellan.js  (0ms)  (pid 6533)
Compiled foundation/foundation.offcanvas.js  (0ms)  (pid 6533)
Compiled foundation/foundation.orbit.js  (0ms)  (pid 6533)
Compiled foundation/foundation.reveal.js  (1ms)  (pid 6533)
Compiled foundation/foundation.tab.js  (0ms)  (pid 6533)
Compiled foundation/foundation.tooltip.js  (0ms)  (pid 6533)
Compiled foundation/foundation.topbar.js  (0ms)  (pid 6533)
Compiled foundation.js  (336ms)  (pid 6533)
Compiled categories.js  (516ms)  (pid 6533)
Compiled pages.js  (201ms)  (pid 6533)
Compiled posts.js  (253ms)  (pid 6533)
Compiled tags.js  (207ms)  (pid 6533)
Compiled application.js  (1676ms)  (pid 6533)
Completed 200 OK in 7132.8ms (Views: 7084.2ms | ActiveRecord: 21.4ms)


Started GET "/" for 127.0.0.1 at 2013-12-09 22:44:08 -0500
Processing by PagesController#index as HTML
  [1m[35mPage Load (0.3ms)[0m  SELECT "pages".* FROM "pages" 
  Rendered pages/index.html.erb within layouts/application (0.6ms)
Completed 200 OK in 22.9ms (Views: 21.5ms | ActiveRecord: 0.3ms)


Started GET "/assets/application.css?body=1" for 127.0.0.1 at 2013-12-09 22:44:08 -0500
Served asset /application.css - 200 OK (69ms)


Started GET "/assets/foundation_and_overrides.css?body=1" for 127.0.0.1 at 2013-12-09 22:44:08 -0500
Served asset /foundation_and_overrides.css - 200 OK (9ms)


Started GET "/assets/categories.css?body=1" for 127.0.0.1 at 2013-12-09 22:44:08 -0500
Served asset /categories.css - 200 OK (2ms)


Started GET "/assets/pages.css?body=1" for 127.0.0.1 at 2013-12-09 22:44:08 -0500
Served asset /pages.css - 200 OK (2ms)


Started GET "/assets/posts.css?body=1" for 127.0.0.1 at 2013-12-09 22:44:08 -0500
Served asset /posts.css - 200 OK (3ms)


Started GET "/assets/scaffolds.css?body=1" for 127.0.0.1 at 2013-12-09 22:44:08 -0500
Served asset /scaffolds.css - 200 OK (2ms)


Started GET "/assets/vendor/modernizr.js?body=1" for 127.0.0.1 at 2013-12-09 22:44:08 -0500
Served asset /vendor/modernizr.js - 200 OK (3ms)


Started GET "/assets/tags.css?body=1" for 127.0.0.1 at 2013-12-09 22:44:08 -0500
Served asset /tags.css - 200 OK (2ms)


Started GET "/assets/foundation/foundation.js?body=1" for 127.0.0.1 at 2013-12-09 22:44:08 -0500
Served asset /foundation/foundation.js - 200 OK (2ms)


Started GET "/assets/jquery_ujs.js?body=1" for 127.0.0.1 at 2013-12-09 22:44:08 -0500
Served asset /jquery_ujs.js - 200 OK (7ms)


Started GET "/assets/foundation/foundation.abide.js?body=1" for 127.0.0.1 at 2013-12-09 22:44:08 -0500
Served asset /foundation/foundation.abide.js - 200 OK (2ms)


Started GET "/assets/foundation/foundation.accordion.js?body=1" for 127.0.0.1 at 2013-12-09 22:44:08 -0500
Served asset /foundation/foundation.accordion.js - 200 OK (2ms)


Started GET "/assets/foundation/foundation.alert.js?body=1" for 127.0.0.1 at 2013-12-09 22:44:08 -0500
Served asset /foundation/foundation.alert.js - 200 OK (3ms)


Started GET "/assets/foundation/foundation.clearing.js?body=1" for 127.0.0.1 at 2013-12-09 22:44:08 -0500
Served asset /foundation/foundation.clearing.js - 200 OK (2ms)


Started GET "/assets/jquery.js?body=1" for 127.0.0.1 at 2013-12-09 22:44:08 -0500
Served asset /jquery.js - 200 OK (4ms)


Started GET "/assets/foundation/foundation.joyride.js?body=1" for 127.0.0.1 at 2013-12-09 22:44:08 -0500
Served asset /foundation/foundation.joyride.js - 200 OK (6ms)


Started GET "/assets/foundation/foundation.dropdown.js?body=1" for 127.0.0.1 at 2013-12-09 22:44:08 -0500
Served asset /foundation/foundation.dropdown.js - 200 OK (2ms)


Started GET "/assets/foundation/foundation.offcanvas.js?body=1" for 127.0.0.1 at 2013-12-09 22:44:08 -0500
Served asset /foundation/foundation.offcanvas.js - 200 OK (2ms)


Started GET "/assets/foundation/foundation.interchange.js?body=1" for 127.0.0.1 at 2013-12-09 22:44:08 -0500
Served asset /foundation/foundation.interchange.js - 200 OK (2ms)


Started GET "/assets/foundation/foundation.tab.js?body=1" for 127.0.0.1 at 2013-12-09 22:44:08 -0500
Served asset /foundation/foundation.tab.js - 200 OK (2ms)


Started GET "/assets/foundation/foundation.magellan.js?body=1" for 127.0.0.1 at 2013-12-09 22:44:08 -0500
Served asset /foundation/foundation.magellan.js - 200 OK (7ms)


Started GET "/assets/foundation/foundation.reveal.js?body=1" for 127.0.0.1 at 2013-12-09 22:44:08 -0500
Served asset /foundation/foundation.reveal.js - 200 OK (2ms)


Started GET "/assets/foundation.js?body=1" for 127.0.0.1 at 2013-12-09 22:44:08 -0500
Served asset /foundation.js - 200 OK (21ms)


Started GET "/assets/foundation/foundation.tooltip.js?body=1" for 127.0.0.1 at 2013-12-09 22:44:08 -0500
Served asset /foundation/foundation.tooltip.js - 200 OK (4ms)


Started GET "/assets/foundation/foundation.orbit.js?body=1" for 127.0.0.1 at 2013-12-09 22:44:08 -0500
Served asset /foundation/foundation.orbit.js - 200 OK (6ms)


Started GET "/assets/foundation/foundation.topbar.js?body=1" for 127.0.0.1 at 2013-12-09 22:44:08 -0500
Served asset /foundation/foundation.topbar.js - 200 OK (8ms)


Started GET "/assets/categories.js?body=1" for 127.0.0.1 at 2013-12-09 22:44:08 -0500
Served asset /categories.js - 200 OK (1ms)


Started GET "/assets/pages.js?body=1" for 127.0.0.1 at 2013-12-09 22:44:08 -0500
Served asset /pages.js - 200 OK (2ms)


Started GET "/assets/posts.js?body=1" for 127.0.0.1 at 2013-12-09 22:44:08 -0500
Served asset /posts.js - 200 OK (2ms)


Started GET "/assets/tags.js?body=1" for 127.0.0.1 at 2013-12-09 22:44:08 -0500
Served asset /tags.js - 200 OK (1ms)


Started GET "/assets/application.js?body=1" for 127.0.0.1 at 2013-12-09 22:44:08 -0500
Served asset /application.js - 200 OK (84ms)
